{"C:\\Users\\lauti\\OneDrive\\Escritorio\\Proyectos\\rick_and_morty\\Server\\src\\app.js": {"path":"C:\\Users\\lauti\\OneDrive\\Escritorio\\Proyectos\\rick_and_morty\\Server\\src\\app.js","statementMap":{"0":{"start":{"line":1,"column":16},"end":{"line":1,"column":34}},"1":{"start":{"line":2,"column":15},"end":{"line":2,"column":24}},"2":{"start":{"line":3,"column":15},"end":{"line":3,"column":43}},"3":{"start":{"line":5,"column":0},"end":{"line":17,"column":3}},"4":{"start":{"line":6,"column":4},"end":{"line":6,"column":51}},"5":{"start":{"line":7,"column":4},"end":{"line":7,"column":59}},"6":{"start":{"line":8,"column":4},"end":{"line":11,"column":6}},"7":{"start":{"line":12,"column":4},"end":{"line":15,"column":6}},"8":{"start":{"line":16,"column":4},"end":{"line":16,"column":11}},"9":{"start":{"line":19,"column":0},"end":{"line":19,"column":26}},"10":{"start":{"line":20,"column":0},"end":{"line":20,"column":35}},"11":{"start":{"line":22,"column":0},"end":{"line":22,"column":24}}},"fnMap":{"0":{"name":"(anonymous_0)","decl":{"start":{"line":5,"column":11},"end":{"line":5,"column":12}},"loc":{"start":{"line":5,"column":31},"end":{"line":17,"column":1}},"line":5}},"branchMap":{},"s":{"0":1,"1":1,"2":1,"3":1,"4":2,"5":2,"6":2,"7":2,"8":2,"9":1,"10":1,"11":1},"f":{"0":2},"b":{},"_coverageSchema":"1a1c01bbd47fc00a2c39e90264f33305004495a9","hash":"e2849e8c02b84ce9419e6315954fbd9ffeeae685"}
,"C:\\Users\\lauti\\OneDrive\\Escritorio\\Proyectos\\rick_and_morty\\Server\\src\\controllers\\getCharById.js": {"path":"C:\\Users\\lauti\\OneDrive\\Escritorio\\Proyectos\\rick_and_morty\\Server\\src\\controllers\\getCharById.js","statementMap":{"0":{"start":{"line":43,"column":14},"end":{"line":43,"column":30}},"1":{"start":{"line":44,"column":12},"end":{"line":44,"column":56}},"2":{"start":{"line":46,"column":20},"end":{"line":56,"column":1}},"3":{"start":{"line":47,"column":24},"end":{"line":47,"column":34}},"4":{"start":{"line":48,"column":4},"end":{"line":55,"column":5}},"5":{"start":{"line":49,"column":23},"end":{"line":49,"column":49}},"6":{"start":{"line":51,"column":67},"end":{"line":51,"column":71}},"7":{"start":{"line":52,"column":8},"end":{"line":52,"column":80}},"8":{"start":{"line":54,"column":8},"end":{"line":54,"column":70}},"9":{"start":{"line":58,"column":0},"end":{"line":58,"column":28}}},"fnMap":{"0":{"name":"(anonymous_0)","decl":{"start":{"line":46,"column":20},"end":{"line":46,"column":21}},"loc":{"start":{"line":46,"column":40},"end":{"line":56,"column":1}},"line":46}},"branchMap":{},"s":{"0":1,"1":1,"2":1,"3":0,"4":0,"5":0,"6":0,"7":0,"8":0,"9":1},"f":{"0":0},"b":{},"_coverageSchema":"1a1c01bbd47fc00a2c39e90264f33305004495a9","hash":"9a7dd8ee6f33ef429190cb80307bb9c2801e4927"}
,"C:\\Users\\lauti\\OneDrive\\Escritorio\\Proyectos\\rick_and_morty\\Server\\src\\controllers\\handleFavorites.js": {"path":"C:\\Users\\lauti\\OneDrive\\Escritorio\\Proyectos\\rick_and_morty\\Server\\src\\controllers\\handleFavorites.js","statementMap":{"0":{"start":{"line":1,"column":18},"end":{"line":1,"column":20}},"1":{"start":{"line":3,"column":16},"end":{"line":7,"column":1}},"2":{"start":{"line":4,"column":22},"end":{"line":4,"column":30}},"3":{"start":{"line":5,"column":4},"end":{"line":5,"column":31}},"4":{"start":{"line":6,"column":4},"end":{"line":6,"column":37}},"5":{"start":{"line":9,"column":18},"end":{"line":14,"column":1}},"6":{"start":{"line":10,"column":17},"end":{"line":10,"column":27}},"7":{"start":{"line":12,"column":4},"end":{"line":12,"column":68}},"8":{"start":{"line":12,"column":45},"end":{"line":12,"column":67}},"9":{"start":{"line":13,"column":4},"end":{"line":13,"column":37}},"10":{"start":{"line":16,"column":0},"end":{"line":19,"column":1}}},"fnMap":{"0":{"name":"(anonymous_0)","decl":{"start":{"line":3,"column":16},"end":{"line":3,"column":17}},"loc":{"start":{"line":3,"column":30},"end":{"line":7,"column":1}},"line":3},"1":{"name":"(anonymous_1)","decl":{"start":{"line":9,"column":18},"end":{"line":9,"column":19}},"loc":{"start":{"line":9,"column":32},"end":{"line":14,"column":1}},"line":9},"2":{"name":"(anonymous_2)","decl":{"start":{"line":12,"column":37},"end":{"line":12,"column":38}},"loc":{"start":{"line":12,"column":45},"end":{"line":12,"column":67}},"line":12}},"branchMap":{},"s":{"0":1,"1":1,"2":0,"3":0,"4":0,"5":1,"6":0,"7":0,"8":0,"9":0,"10":1},"f":{"0":0,"1":0,"2":0},"b":{},"_coverageSchema":"1a1c01bbd47fc00a2c39e90264f33305004495a9","hash":"c62f71bc8901915c13bba18867496a97d035ed64"}
,"C:\\Users\\lauti\\OneDrive\\Escritorio\\Proyectos\\rick_and_morty\\Server\\src\\controllers\\login.js": {"path":"C:\\Users\\lauti\\OneDrive\\Escritorio\\Proyectos\\rick_and_morty\\Server\\src\\controllers\\login.js","statementMap":{"0":{"start":{"line":1,"column":14},"end":{"line":1,"column":39}},"1":{"start":{"line":3,"column":14},"end":{"line":9,"column":1}},"2":{"start":{"line":4,"column":30},"end":{"line":4,"column":39}},"3":{"start":{"line":6,"column":19},"end":{"line":6,"column":89}},"4":{"start":{"line":6,"column":38},"end":{"line":6,"column":88}},"5":{"start":{"line":7,"column":4},"end":{"line":7,"column":58}},"6":{"start":{"line":7,"column":15},"end":{"line":7,"column":58}},"7":{"start":{"line":8,"column":4},"end":{"line":8,"column":48}},"8":{"start":{"line":11,"column":0},"end":{"line":11,"column":22}}},"fnMap":{"0":{"name":"(anonymous_0)","decl":{"start":{"line":3,"column":14},"end":{"line":3,"column":15}},"loc":{"start":{"line":3,"column":28},"end":{"line":9,"column":1}},"line":3},"1":{"name":"(anonymous_1)","decl":{"start":{"line":6,"column":30},"end":{"line":6,"column":31}},"loc":{"start":{"line":6,"column":38},"end":{"line":6,"column":88}},"line":6}},"branchMap":{"0":{"loc":{"start":{"line":6,"column":38},"end":{"line":6,"column":88}},"type":"binary-expr","locations":[{"start":{"line":6,"column":38},"end":{"line":6,"column":58}},{"start":{"line":6,"column":62},"end":{"line":6,"column":88}}],"line":6},"1":{"loc":{"start":{"line":7,"column":4},"end":{"line":7,"column":58}},"type":"if","locations":[{"start":{"line":7,"column":4},"end":{"line":7,"column":58}},{"start":{},"end":{}}],"line":7}},"s":{"0":1,"1":1,"2":2,"3":2,"4":2,"5":2,"6":1,"7":1,"8":1},"f":{"0":2,"1":2},"b":{"0":[2,1],"1":[1,1]},"_coverageSchema":"1a1c01bbd47fc00a2c39e90264f33305004495a9","hash":"d509f6b4997fcab555f75cd54d0ab7493523602d"}
,"C:\\Users\\lauti\\OneDrive\\Escritorio\\Proyectos\\rick_and_morty\\Server\\src\\routes\\index.js": {"path":"C:\\Users\\lauti\\OneDrive\\Escritorio\\Proyectos\\rick_and_morty\\Server\\src\\routes\\index.js","statementMap":{"0":{"start":{"line":1,"column":16},"end":{"line":1,"column":34}},"1":{"start":{"line":2,"column":15},"end":{"line":2,"column":31}},"2":{"start":{"line":3,"column":20},"end":{"line":3,"column":60}},"3":{"start":{"line":4,"column":31},"end":{"line":4,"column":75}},"4":{"start":{"line":5,"column":14},"end":{"line":5,"column":48}},"5":{"start":{"line":7,"column":0},"end":{"line":7,"column":42}},"6":{"start":{"line":8,"column":0},"end":{"line":8,"column":28}},"7":{"start":{"line":9,"column":0},"end":{"line":9,"column":29}},"8":{"start":{"line":10,"column":0},"end":{"line":10,"column":37}},"9":{"start":{"line":12,"column":0},"end":{"line":12,"column":24}}},"fnMap":{},"branchMap":{},"s":{"0":1,"1":1,"2":1,"3":1,"4":1,"5":1,"6":1,"7":1,"8":1,"9":1},"f":{},"b":{},"_coverageSchema":"1a1c01bbd47fc00a2c39e90264f33305004495a9","hash":"bcc0ffaecd9205c2f68f253c2a16a0dc1b45b69d"}
,"C:\\Users\\lauti\\OneDrive\\Escritorio\\Proyectos\\rick_and_morty\\Server\\src\\utils\\users.js": {"path":"C:\\Users\\lauti\\OneDrive\\Escritorio\\Proyectos\\rick_and_morty\\Server\\src\\utils\\users.js","statementMap":{"0":{"start":{"line":1,"column":0},"end":{"line":1,"column":73}}},"fnMap":{},"branchMap":{},"s":{"0":1},"f":{},"b":{},"_coverageSchema":"1a1c01bbd47fc00a2c39e90264f33305004495a9","hash":"18ea7c63aaaf10f61a284788c977700f8034bafb"}
}
